<?xml version="1.0" encoding="UTF-8"?>
<!-- Generated by org.testng.reporters.JUnitReportReporter -->
<testsuite hostname="TYSS-LT-017" failures="0" tests="1" name="Munera.AgencyOnboarding" time="33.287" errors="0" timestamp="2022-08-13T23:15:45 IST" skipped="0">
  <testcase classname="Munera.AgencyOnboarding" name="TC1" time="33.287"/>
</testsuite> <!-- Munera.AgencyOnboarding -->
