<?xml version="1.0" encoding="UTF-8"?>
<!-- Generated by org.testng.reporters.JUnitReportReporter -->
<testsuite hostname="TYSS-LT-017" failures="0" tests="1" name="Munera.test" time="0.009" errors="0" timestamp="2022-08-13T22:37:28 IST" skipped="0">
  <testcase classname="Munera.test" name="testm" time="0.009"/>
</testsuite> <!-- Munera.test -->
