<?xml version="1.0" encoding="UTF-8"?>
<!-- Generated by org.testng.reporters.JUnitReportReporter -->
<testsuite hostname="TYSS-LT-017" failures="0" tests="1" name="Munera.AgencyOnboarding" time="30.553" errors="0" timestamp="2022-08-13T23:04:04 IST" skipped="0">
  <testcase classname="Munera.AgencyOnboarding" name="TC1" time="30.553"/>
</testsuite> <!-- Munera.AgencyOnboarding -->
